1767346083.189292 client started (10828): version 3.6a, socket /tmp/tmux-1000/default, protocol 8
1767346083.189335 on Linux 6.18.2-arch2-1 #1 SMP PREEMPT_DYNAMIC Thu, 18 Dec 2025 18:00:18 +0000
1767346083.189343 using libevent 2.1.12-stable poll
1767346083.189349 using ncurses 6.5 20240427
1767346083.189367 flags are 0x10000
1767346083.189381 socket is /tmp/tmux-1000/default
1767346083.189395 trying connect
1767346083.189428 add peer 0x55d29479e1e0: 6 ((nil))
1767346083.189741 sending message 111 to peer 0x55d29479e1e0 (8 bytes)
1767346083.189756 sending message 111 to peer 0x55d29479e1e0 (8 bytes)
1767346083.189762 sending message 101 to peer 0x55d29479e1e0 (14 bytes)
1767346083.189767 sending message 109 to peer 0x55d29479e1e0 (4 bytes)
1767346083.189772 sending message 102 to peer 0x55d29479e1e0 (11 bytes)
1767346083.189777 sending message 108 to peer 0x55d29479e1e0 (32 bytes)
1767346083.189783 sending message 112 to peer 0x55d29479e1e0 (70 bytes)
1767346083.189789 sending message 112 to peer 0x55d29479e1e0 (5 bytes)
1767346083.189796 sending message 112 to peer 0x55d29479e1e0 (5 bytes)
1767346083.189802 sending message 112 to peer 0x55d29479e1e0 (6 bytes)
1767346083.189806 sending message 112 to peer 0x55d29479e1e0 (6 bytes)
1767346083.189821 sending message 112 to peer 0x55d29479e1e0 (11 bytes)
1767346083.189827 sending message 112 to peer 0x55d29479e1e0 (10 bytes)
1767346083.189833 sending message 112 to peer 0x55d29479e1e0 (13 bytes)
1767346083.189837 sending message 112 to peer 0x55d29479e1e0 (13 bytes)
1767346083.189851 sending message 112 to peer 0x55d29479e1e0 (18 bytes)
1767346083.189856 sending message 112 to peer 0x55d29479e1e0 (11 bytes)
1767346083.189861 sending message 112 to peer 0x55d29479e1e0 (10 bytes)
1767346083.189865 sending message 112 to peer 0x55d29479e1e0 (15 bytes)
1767346083.189870 sending message 112 to peer 0x55d29479e1e0 (21 bytes)
1767346083.189875 sending message 112 to peer 0x55d29479e1e0 (13 bytes)
1767346083.189880 sending message 112 to peer 0x55d29479e1e0 (7 bytes)
1767346083.189885 sending message 112 to peer 0x55d29479e1e0 (13 bytes)
1767346083.189889 sending message 112 to peer 0x55d29479e1e0 (7 bytes)
1767346083.189894 sending message 112 to peer 0x55d29479e1e0 (13 bytes)
1767346083.189899 sending message 112 to peer 0x55d29479e1e0 (9 bytes)
1767346083.189904 sending message 112 to peer 0x55d29479e1e0 (21 bytes)
1767346083.189909 sending message 112 to peer 0x55d29479e1e0 (13 bytes)
1767346083.189918 sending message 112 to peer 0x55d29479e1e0 (8 bytes)
1767346083.189923 sending message 112 to peer 0x55d29479e1e0 (12 bytes)
1767346083.189927 sending message 112 to peer 0x55d29479e1e0 (13 bytes)
1767346083.189932 sending message 112 to peer 0x55d29479e1e0 (9 bytes)
1767346083.189936 sending message 112 to peer 0x55d29479e1e0 (9 bytes)
1767346083.189942 sending message 112 to peer 0x55d29479e1e0 (12 bytes)
1767346083.189946 sending message 112 to peer 0x55d29479e1e0 (8 bytes)
1767346083.189951 sending message 112 to peer 0x55d29479e1e0 (8 bytes)
1767346083.189956 sending message 112 to peer 0x55d29479e1e0 (7 bytes)
1767346083.189960 sending message 112 to peer 0x55d29479e1e0 (7 bytes)
1767346083.189965 sending message 112 to peer 0x55d29479e1e0 (9 bytes)
1767346083.189969 sending message 112 to peer 0x55d29479e1e0 (13 bytes)
1767346083.189977 sending message 112 to peer 0x55d29479e1e0 (6 bytes)
1767346083.189981 sending message 112 to peer 0x55d29479e1e0 (9 bytes)
1767346083.189986 sending message 112 to peer 0x55d29479e1e0 (15 bytes)
1767346083.189991 sending message 112 to peer 0x55d29479e1e0 (13 bytes)
1767346083.189996 sending message 112 to peer 0x55d29479e1e0 (12 bytes)
1767346083.190001 sending message 112 to peer 0x55d29479e1e0 (8 bytes)
1767346083.190006 sending message 112 to peer 0x55d29479e1e0 (14 bytes)
1767346083.190011 sending message 112 to peer 0x55d29479e1e0 (11 bytes)
1767346083.190016 sending message 112 to peer 0x55d29479e1e0 (9 bytes)
1767346083.190020 sending message 112 to peer 0x55d29479e1e0 (10 bytes)
1767346083.190025 sending message 112 to peer 0x55d29479e1e0 (10 bytes)
1767346083.190041 sending message 112 to peer 0x55d29479e1e0 (10 bytes)
1767346083.190048 sending message 112 to peer 0x55d29479e1e0 (10 bytes)
1767346083.190054 sending message 112 to peer 0x55d29479e1e0 (11 bytes)
1767346083.190061 sending message 112 to peer 0x55d29479e1e0 (12 bytes)
1767346083.190067 sending message 112 to peer 0x55d29479e1e0 (12 bytes)
1767346083.190072 sending message 112 to peer 0x55d29479e1e0 (12 bytes)
1767346083.190077 sending message 112 to peer 0x55d29479e1e0 (12 bytes)
1767346083.190081 sending message 112 to peer 0x55d29479e1e0 (12 bytes)
1767346083.190086 sending message 112 to peer 0x55d29479e1e0 (11 bytes)
1767346083.190094 sending message 112 to peer 0x55d29479e1e0 (11 bytes)
1767346083.190099 sending message 112 to peer 0x55d29479e1e0 (12 bytes)
1767346083.190104 sending message 112 to peer 0x55d29479e1e0 (12 bytes)
1767346083.190109 sending message 112 to peer 0x55d29479e1e0 (12 bytes)
1767346083.190114 sending message 112 to peer 0x55d29479e1e0 (12 bytes)
1767346083.190118 sending message 112 to peer 0x55d29479e1e0 (12 bytes)
1767346083.190123 sending message 112 to peer 0x55d29479e1e0 (10 bytes)
1767346083.190128 sending message 112 to peer 0x55d29479e1e0 (12 bytes)
1767346083.190133 sending message 112 to peer 0x55d29479e1e0 (13 bytes)
1767346083.190138 sending message 112 to peer 0x55d29479e1e0 (13 bytes)
1767346083.190143 sending message 112 to peer 0x55d29479e1e0 (13 bytes)
1767346083.190151 sending message 112 to peer 0x55d29479e1e0 (13 bytes)
1767346083.190155 sending message 112 to peer 0x55d29479e1e0 (13 bytes)
1767346083.190160 sending message 112 to peer 0x55d29479e1e0 (8 bytes)
1767346083.190165 sending message 112 to peer 0x55d29479e1e0 (11 bytes)
1767346083.190170 sending message 112 to peer 0x55d29479e1e0 (11 bytes)
1767346083.190175 sending message 112 to peer 0x55d29479e1e0 (11 bytes)
1767346083.190179 sending message 112 to peer 0x55d29479e1e0 (12 bytes)
1767346083.190185 sending message 112 to peer 0x55d29479e1e0 (12 bytes)
1767346083.190190 sending message 112 to peer 0x55d29479e1e0 (12 bytes)
1767346083.190195 sending message 112 to peer 0x55d29479e1e0 (12 bytes)
1767346083.190200 sending message 112 to peer 0x55d29479e1e0 (13 bytes)
1767346083.190208 sending message 112 to peer 0x55d29479e1e0 (13 bytes)
1767346083.190212 sending message 112 to peer 0x55d29479e1e0 (13 bytes)
1767346083.190218 sending message 112 to peer 0x55d29479e1e0 (8 bytes)
1767346083.190222 sending message 112 to peer 0x55d29479e1e0 (13 bytes)
1767346083.190227 sending message 112 to peer 0x55d29479e1e0 (13 bytes)
1767346083.190232 sending message 112 to peer 0x55d29479e1e0 (13 bytes)
1767346083.190237 sending message 112 to peer 0x55d29479e1e0 (13 bytes)
1767346083.190241 sending message 112 to peer 0x55d29479e1e0 (13 bytes)
1767346083.190247 sending message 112 to peer 0x55d29479e1e0 (12 bytes)
1767346083.190251 sending message 112 to peer 0x55d29479e1e0 (12 bytes)
1767346083.190256 sending message 112 to peer 0x55d29479e1e0 (12 bytes)
1767346083.190264 sending message 112 to peer 0x55d29479e1e0 (12 bytes)
1767346083.190269 sending message 112 to peer 0x55d29479e1e0 (13 bytes)
1767346083.190274 sending message 112 to peer 0x55d29479e1e0 (8 bytes)
1767346083.190279 sending message 112 to peer 0x55d29479e1e0 (13 bytes)
1767346083.190284 sending message 112 to peer 0x55d29479e1e0 (13 bytes)
1767346083.190289 sending message 112 to peer 0x55d29479e1e0 (13 bytes)
1767346083.190293 sending message 112 to peer 0x55d29479e1e0 (13 bytes)
1767346083.190298 sending message 112 to peer 0x55d29479e1e0 (13 bytes)
1767346083.190303 sending message 112 to peer 0x55d29479e1e0 (13 bytes)
1767346083.190308 sending message 112 to peer 0x55d29479e1e0 (13 bytes)
1767346083.190313 sending message 112 to peer 0x55d29479e1e0 (12 bytes)
1767346083.190321 sending message 112 to peer 0x55d29479e1e0 (12 bytes)
1767346083.190326 sending message 112 to peer 0x55d29479e1e0 (12 bytes)
1767346083.190330 sending message 112 to peer 0x55d29479e1e0 (8 bytes)
1767346083.190335 sending message 112 to peer 0x55d29479e1e0 (12 bytes)
1767346083.190345 sending message 112 to peer 0x55d29479e1e0 (13 bytes)
1767346083.190349 sending message 112 to peer 0x55d29479e1e0 (13 bytes)
1767346083.190354 sending message 112 to peer 0x55d29479e1e0 (13 bytes)
1767346083.190359 sending message 112 to peer 0x55d29479e1e0 (13 bytes)
1767346083.190364 sending message 112 to peer 0x55d29479e1e0 (13 bytes)
1767346083.190369 sending message 112 to peer 0x55d29479e1e0 (13 bytes)
1767346083.190377 sending message 112 to peer 0x55d29479e1e0 (13 bytes)
1767346083.190382 sending message 112 to peer 0x55d29479e1e0 (13 bytes)
1767346083.190387 sending message 112 to peer 0x55d29479e1e0 (12 bytes)
1767346083.190392 sending message 112 to peer 0x55d29479e1e0 (10 bytes)
1767346083.190397 sending message 112 to peer 0x55d29479e1e0 (12 bytes)
1767346083.190401 sending message 112 to peer 0x55d29479e1e0 (12 bytes)
1767346083.190406 sending message 112 to peer 0x55d29479e1e0 (12 bytes)
1767346083.190411 sending message 112 to peer 0x55d29479e1e0 (13 bytes)
1767346083.190416 sending message 112 to peer 0x55d29479e1e0 (13 bytes)
1767346083.190420 sending message 112 to peer 0x55d29479e1e0 (13 bytes)
1767346083.190425 sending message 112 to peer 0x55d29479e1e0 (13 bytes)
1767346083.190433 sending message 112 to peer 0x55d29479e1e0 (13 bytes)
1767346083.190438 sending message 112 to peer 0x55d29479e1e0 (13 bytes)
1767346083.190443 sending message 112 to peer 0x55d29479e1e0 (13 bytes)
1767346083.190448 sending message 112 to peer 0x55d29479e1e0 (10 bytes)
1767346083.190452 sending message 112 to peer 0x55d29479e1e0 (13 bytes)
1767346083.190457 sending message 112 to peer 0x55d29479e1e0 (12 bytes)
1767346083.190461 sending message 112 to peer 0x55d29479e1e0 (12 bytes)
1767346083.190466 sending message 112 to peer 0x55d29479e1e0 (12 bytes)
1767346083.190471 sending message 112 to peer 0x55d29479e1e0 (10 bytes)
1767346083.190476 sending message 112 to peer 0x55d29479e1e0 (10 bytes)
1767346083.190480 sending message 112 to peer 0x55d29479e1e0 (10 bytes)
1767346083.190485 sending message 112 to peer 0x55d29479e1e0 (12 bytes)
1767346083.190493 sending message 112 to peer 0x55d29479e1e0 (13 bytes)
1767346083.190498 sending message 112 to peer 0x55d29479e1e0 (13 bytes)
1767346083.190503 sending message 112 to peer 0x55d29479e1e0 (13 bytes)
1767346083.190507 sending message 112 to peer 0x55d29479e1e0 (13 bytes)
1767346083.190512 sending message 112 to peer 0x55d29479e1e0 (13 bytes)
1767346083.190517 sending message 112 to peer 0x55d29479e1e0 (11 bytes)
1767346083.190522 sending message 112 to peer 0x55d29479e1e0 (11 bytes)
1767346083.190526 sending message 112 to peer 0x55d29479e1e0 (12 bytes)
1767346083.190532 sending message 112 to peer 0x55d29479e1e0 (12 bytes)
1767346083.190536 sending message 112 to peer 0x55d29479e1e0 (12 bytes)
1767346083.190541 sending message 112 to peer 0x55d29479e1e0 (12 bytes)
1767346083.190549 sending message 112 to peer 0x55d29479e1e0 (12 bytes)
1767346083.190554 sending message 112 to peer 0x55d29479e1e0 (11 bytes)
1767346083.190559 sending message 112 to peer 0x55d29479e1e0 (12 bytes)
1767346083.190564 sending message 112 to peer 0x55d29479e1e0 (12 bytes)
1767346083.190568 sending message 112 to peer 0x55d29479e1e0 (13 bytes)
1767346083.190573 sending message 112 to peer 0x55d29479e1e0 (13 bytes)
1767346083.190578 sending message 112 to peer 0x55d29479e1e0 (13 bytes)
1767346083.190583 sending message 112 to peer 0x55d29479e1e0 (13 bytes)
1767346083.190588 sending message 112 to peer 0x55d29479e1e0 (13 bytes)
1767346083.190593 sending message 112 to peer 0x55d29479e1e0 (10 bytes)
1767346083.190598 sending message 112 to peer 0x55d29479e1e0 (9 bytes)
1767346083.190605 sending message 112 to peer 0x55d29479e1e0 (12 bytes)
1767346083.190610 sending message 112 to peer 0x55d29479e1e0 (13 bytes)
1767346083.190615 sending message 112 to peer 0x55d29479e1e0 (13 bytes)
1767346083.190620 sending message 112 to peer 0x55d29479e1e0 (13 bytes)
1767346083.190625 sending message 112 to peer 0x55d29479e1e0 (13 bytes)
1767346083.190631 sending message 112 to peer 0x55d29479e1e0 (13 bytes)
1767346083.190639 sending message 112 to peer 0x55d29479e1e0 (9 bytes)
1767346083.190644 sending message 112 to peer 0x55d29479e1e0 (12 bytes)
1767346083.190649 sending message 112 to peer 0x55d29479e1e0 (13 bytes)
1767346083.190654 sending message 112 to peer 0x55d29479e1e0 (13 bytes)
1767346083.190662 sending message 112 to peer 0x55d29479e1e0 (13 bytes)
1767346083.190666 sending message 112 to peer 0x55d29479e1e0 (13 bytes)
1767346083.190671 sending message 112 to peer 0x55d29479e1e0 (13 bytes)
1767346083.190676 sending message 112 to peer 0x55d29479e1e0 (11 bytes)
1767346083.190681 sending message 112 to peer 0x55d29479e1e0 (12 bytes)
1767346083.190686 sending message 112 to peer 0x55d29479e1e0 (13 bytes)
1767346083.190690 sending message 112 to peer 0x55d29479e1e0 (13 bytes)
1767346083.190695 sending message 112 to peer 0x55d29479e1e0 (13 bytes)
1767346083.190700 sending message 112 to peer 0x55d29479e1e0 (13 bytes)
1767346083.190705 sending message 112 to peer 0x55d29479e1e0 (13 bytes)
1767346083.190710 sending message 112 to peer 0x55d29479e1e0 (11 bytes)
1767346083.190718 sending message 112 to peer 0x55d29479e1e0 (12 bytes)
1767346083.190722 sending message 112 to peer 0x55d29479e1e0 (12 bytes)
1767346083.190727 sending message 112 to peer 0x55d29479e1e0 (12 bytes)
1767346083.190732 sending message 112 to peer 0x55d29479e1e0 (12 bytes)
1767346083.190737 sending message 112 to peer 0x55d29479e1e0 (12 bytes)
1767346083.190742 sending message 112 to peer 0x55d29479e1e0 (21 bytes)
1767346083.190747 sending message 112 to peer 0x55d29479e1e0 (12 bytes)
1767346083.190751 sending message 112 to peer 0x55d29479e1e0 (9 bytes)
1767346083.190756 sending message 112 to peer 0x55d29479e1e0 (6 bytes)
1767346083.190761 sending message 112 to peer 0x55d29479e1e0 (13 bytes)
1767346083.190766 sending message 112 to peer 0x55d29479e1e0 (8 bytes)
1767346083.190774 sending message 112 to peer 0x55d29479e1e0 (15 bytes)
1767346083.190779 sending message 112 to peer 0x55d29479e1e0 (13 bytes)
1767346083.190783 sending message 112 to peer 0x55d29479e1e0 (9 bytes)
1767346083.190788 sending message 112 to peer 0x55d29479e1e0 (70 bytes)
1767346083.190793 sending message 112 to peer 0x55d29479e1e0 (69 bytes)
1767346083.190798 sending message 112 to peer 0x55d29479e1e0 (10 bytes)
1767346083.190802 sending message 112 to peer 0x55d29479e1e0 (10 bytes)
1767346083.190807 sending message 112 to peer 0x55d29479e1e0 (8 bytes)
1767346083.190811 sending message 112 to peer 0x55d29479e1e0 (15 bytes)
1767346083.190830 sending message 112 to peer 0x55d29479e1e0 (13 bytes)
1767346083.190835 sending message 112 to peer 0x55d29479e1e0 (10 bytes)
1767346083.190846 sending message 112 to peer 0x55d29479e1e0 (10 bytes)
1767346083.190853 sending message 112 to peer 0x55d29479e1e0 (17 bytes)
1767346083.190859 sending message 112 to peer 0x55d29479e1e0 (10 bytes)
1767346083.190866 sending message 112 to peer 0x55d29479e1e0 (13 bytes)
1767346083.190872 sending message 112 to peer 0x55d29479e1e0 (9 bytes)
1767346083.190880 sending message 112 to peer 0x55d29479e1e0 (5 bytes)
1767346083.190891 sending message 112 to peer 0x55d29479e1e0 (15 bytes)
1767346083.190898 sending message 104 to peer 0x55d29479e1e0 (0 bytes)
1767346083.190905 sending message 110 to peer 0x55d29479e1e0 (0 bytes)
1767346083.190916 sending message 107 to peer 0x55d29479e1e0 (4 bytes)
1767346083.190921 sending message 105 to peer 0x55d29479e1e0 (38 bytes)
1767346083.190928 sending message 105 to peer 0x55d29479e1e0 (55 bytes)
1767346083.190935 sending message 105 to peer 0x55d29479e1e0 (29 bytes)
1767346083.190945 sending message 105 to peer 0x55d29479e1e0 (23 bytes)
1767346083.190952 sending message 105 to peer 0x55d29479e1e0 (20 bytes)
1767346083.190959 sending message 105 to peer 0x55d29479e1e0 (20 bytes)
1767346083.190968 sending message 105 to peer 0x55d29479e1e0 (54 bytes)
1767346083.190975 sending message 105 to peer 0x55d29479e1e0 (50 bytes)
1767346083.190982 sending message 105 to peer 0x55d29479e1e0 (19 bytes)
1767346083.190992 sending message 105 to peer 0x55d29479e1e0 (33 bytes)
1767346083.191005 sending message 105 to peer 0x55d29479e1e0 (11 bytes)
1767346083.191012 sending message 105 to peer 0x55d29479e1e0 (12 bytes)
1767346083.191023 sending message 105 to peer 0x55d29479e1e0 (1797 bytes)
1767346083.191044 sending message 105 to peer 0x55d29479e1e0 (22 bytes)
1767346083.191059 sending message 105 to peer 0x55d29479e1e0 (26 bytes)
1767346083.191069 sending message 105 to peer 0x55d29479e1e0 (14 bytes)
1767346083.191075 sending message 105 to peer 0x55d29479e1e0 (19 bytes)
1767346083.191082 sending message 105 to peer 0x55d29479e1e0 (32 bytes)
1767346083.191089 sending message 105 to peer 0x55d29479e1e0 (16 bytes)
1767346083.191099 sending message 105 to peer 0x55d29479e1e0 (41 bytes)
1767346083.191106 sending message 105 to peer 0x55d29479e1e0 (54 bytes)
1767346083.191113 sending message 105 to peer 0x55d29479e1e0 (13 bytes)
1767346083.191124 sending message 105 to peer 0x55d29479e1e0 (13 bytes)
1767346083.191131 sending message 105 to peer 0x55d29479e1e0 (26 bytes)
1767346083.191138 sending message 105 to peer 0x55d29479e1e0 (15 bytes)
1767346083.191147 sending message 105 to peer 0x55d29479e1e0 (24 bytes)
1767346083.191153 sending message 105 to peer 0x55d29479e1e0 (32 bytes)
1767346083.191160 sending message 105 to peer 0x55d29479e1e0 (12 bytes)
1767346083.191170 sending message 105 to peer 0x55d29479e1e0 (273 bytes)
1767346083.191178 sending message 105 to peer 0x55d29479e1e0 (10 bytes)
1767346083.191184 sending message 105 to peer 0x55d29479e1e0 (36 bytes)
1767346083.191191 sending message 105 to peer 0x55d29479e1e0 (18 bytes)
1767346083.191202 sending message 105 to peer 0x55d29479e1e0 (15 bytes)
1767346083.191208 sending message 105 to peer 0x55d29479e1e0 (8 bytes)
1767346083.191215 sending message 105 to peer 0x55d29479e1e0 (19 bytes)
1767346083.191223 sending message 105 to peer 0x55d29479e1e0 (18 bytes)
1767346083.191230 sending message 105 to peer 0x55d29479e1e0 (26 bytes)
1767346083.191236 sending message 105 to peer 0x55d29479e1e0 (35 bytes)
1767346083.191246 sending message 105 to peer 0x55d29479e1e0 (13 bytes)
1767346083.191253 sending message 105 to peer 0x55d29479e1e0 (10 bytes)
1767346083.191258 sending message 105 to peer 0x55d29479e1e0 (18 bytes)
1767346083.191265 sending message 105 to peer 0x55d29479e1e0 (34 bytes)
1767346083.191275 sending message 105 to peer 0x55d29479e1e0 (23 bytes)
1767346083.191282 sending message 105 to peer 0x55d29479e1e0 (48 bytes)
1767346083.191288 sending message 105 to peer 0x55d29479e1e0 (31 bytes)
1767346083.191298 sending message 105 to peer 0x55d29479e1e0 (15 bytes)
1767346083.191304 sending message 105 to peer 0x55d29479e1e0 (52 bytes)
1767346083.191310 sending message 105 to peer 0x55d29479e1e0 (23 bytes)
1767346083.191317 sending message 105 to peer 0x55d29479e1e0 (23 bytes)
1767346083.191327 sending message 105 to peer 0x55d29479e1e0 (17 bytes)
1767346083.191334 sending message 105 to peer 0x55d29479e1e0 (58 bytes)
1767346083.191340 sending message 105 to peer 0x55d29479e1e0 (21 bytes)
1767346083.191349 sending message 105 to peer 0x55d29479e1e0 (11 bytes)
1767346083.191356 sending message 105 to peer 0x55d29479e1e0 (20 bytes)
1767346083.191360 sending message 105 to peer 0x55d29479e1e0 (32 bytes)
1767346083.191367 sending message 105 to peer 0x55d29479e1e0 (40 bytes)
1767346083.191378 sending message 105 to peer 0x55d29479e1e0 (45 bytes)
1767346083.191384 sending message 105 to peer 0x55d29479e1e0 (46 bytes)
1767346083.191391 sending message 105 to peer 0x55d29479e1e0 (29 bytes)
1767346083.191400 sending message 105 to peer 0x55d29479e1e0 (46 bytes)
1767346083.191406 sending message 105 to peer 0x55d29479e1e0 (29 bytes)
1767346083.191411 sending message 105 to peer 0x55d29479e1e0 (29 bytes)
1767346083.191421 sending message 105 to peer 0x55d29479e1e0 (21 bytes)
1767346083.191427 sending message 105 to peer 0x55d29479e1e0 (36 bytes)
1767346083.191433 sending message 105 to peer 0x55d29479e1e0 (47 bytes)
1767346083.191440 sending message 105 to peer 0x55d29479e1e0 (21 bytes)
1767346083.191451 sending message 105 to peer 0x55d29479e1e0 (51 bytes)
1767346083.191464 sending message 105 to peer 0x55d29479e1e0 (68 bytes)
1767346083.191474 sending message 105 to peer 0x55d29479e1e0 (38 bytes)
1767346083.191480 sending message 105 to peer 0x55d29479e1e0 (28 bytes)
1767346083.191486 sending message 105 to peer 0x55d29479e1e0 (16 bytes)
1767346083.191493 sending message 105 to peer 0x55d29479e1e0 (24 bytes)
1767346083.191503 sending message 105 to peer 0x55d29479e1e0 (20 bytes)
1767346083.191510 sending message 105 to peer 0x55d29479e1e0 (64 bytes)
1767346083.191517 sending message 105 to peer 0x55d29479e1e0 (25 bytes)
1767346083.191527 sending message 105 to peer 0x55d29479e1e0 (38 bytes)
1767346083.191533 sending message 105 to peer 0x55d29479e1e0 (35 bytes)
1767346083.191539 sending message 105 to peer 0x55d29479e1e0 (42 bytes)
1767346083.191549 sending message 105 to peer 0x55d29479e1e0 (21 bytes)
1767346083.191555 sending message 105 to peer 0x55d29479e1e0 (99 bytes)
1767346083.191562 sending message 105 to peer 0x55d29479e1e0 (17 bytes)
1767346083.191568 sending message 105 to peer 0x55d29479e1e0 (10 bytes)
1767346083.191578 sending message 105 to peer 0x55d29479e1e0 (52 bytes)
1767346083.191585 sending message 106 to peer 0x55d29479e1e0 (0 bytes)
1767346083.191646 cmd_pack_argv: argv[0]=source
1767346083.191665 cmd_pack_argv: argv[1]=/home/user/.tmux.conf
1767346083.191672 sending message 200 to peer 0x55d29479e1e0 (33 bytes)
1767346083.191679 client loop enter
1767346083.191895 peer 0x55d29479e1e0 message 300
1767346083.191911 open read file 7 /home/user/.tmux.conf
1767346083.191957 read 915 from file 7
1767346083.191972 sending message 301 to peer 0x55d29479e1e0 (919 bytes)
1767346083.191984 read error file 7
1767346083.191990 sending message 302 to peer 0x55d29479e1e0 (8 bytes)
1767346083.193430 peer 0x55d29479e1e0 message 203
1767346083.193449 client loop exit
