1767345790.751764 client started (5559): version 3.6a, socket /tmp/tmux-1000/default, protocol 8
1767345790.751796 on Linux 6.18.2-arch2-1 #1 SMP PREEMPT_DYNAMIC Thu, 18 Dec 2025 18:00:18 +0000
1767345790.751802 using libevent 2.1.12-stable poll
1767345790.751807 using ncurses 6.5 20240427
1767345790.751835 flags are 0x10000
1767345790.751849 socket is /tmp/tmux-1000/default
1767345790.751863 trying connect
1767345790.751892 add peer 0x559a888a41e0: 6 ((nil))
1767345790.752167 sending message 111 to peer 0x559a888a41e0 (8 bytes)
1767345790.752181 sending message 111 to peer 0x559a888a41e0 (8 bytes)
1767345790.752186 sending message 101 to peer 0x559a888a41e0 (14 bytes)
1767345790.752191 sending message 109 to peer 0x559a888a41e0 (4 bytes)
1767345790.752196 sending message 102 to peer 0x559a888a41e0 (11 bytes)
1767345790.752200 sending message 108 to peer 0x559a888a41e0 (32 bytes)
1767345790.752205 sending message 112 to peer 0x559a888a41e0 (70 bytes)
1767345790.752210 sending message 112 to peer 0x559a888a41e0 (5 bytes)
1767345790.752214 sending message 112 to peer 0x559a888a41e0 (5 bytes)
1767345790.752220 sending message 112 to peer 0x559a888a41e0 (6 bytes)
1767345790.752225 sending message 112 to peer 0x559a888a41e0 (6 bytes)
1767345790.752230 sending message 112 to peer 0x559a888a41e0 (11 bytes)
1767345790.752235 sending message 112 to peer 0x559a888a41e0 (10 bytes)
1767345790.752240 sending message 112 to peer 0x559a888a41e0 (13 bytes)
1767345790.752245 sending message 112 to peer 0x559a888a41e0 (13 bytes)
1767345790.752250 sending message 112 to peer 0x559a888a41e0 (18 bytes)
1767345790.752254 sending message 112 to peer 0x559a888a41e0 (11 bytes)
1767345790.752259 sending message 112 to peer 0x559a888a41e0 (10 bytes)
1767345790.752263 sending message 112 to peer 0x559a888a41e0 (15 bytes)
1767345790.752268 sending message 112 to peer 0x559a888a41e0 (21 bytes)
1767345790.752272 sending message 112 to peer 0x559a888a41e0 (13 bytes)
1767345790.752276 sending message 112 to peer 0x559a888a41e0 (7 bytes)
1767345790.752281 sending message 112 to peer 0x559a888a41e0 (13 bytes)
1767345790.752286 sending message 112 to peer 0x559a888a41e0 (7 bytes)
1767345790.752290 sending message 112 to peer 0x559a888a41e0 (13 bytes)
1767345790.752295 sending message 112 to peer 0x559a888a41e0 (9 bytes)
1767345790.752299 sending message 112 to peer 0x559a888a41e0 (21 bytes)
1767345790.752304 sending message 112 to peer 0x559a888a41e0 (13 bytes)
1767345790.752309 sending message 112 to peer 0x559a888a41e0 (8 bytes)
1767345790.752313 sending message 112 to peer 0x559a888a41e0 (12 bytes)
1767345790.752318 sending message 112 to peer 0x559a888a41e0 (13 bytes)
1767345790.752323 sending message 112 to peer 0x559a888a41e0 (9 bytes)
1767345790.752327 sending message 112 to peer 0x559a888a41e0 (9 bytes)
1767345790.752332 sending message 112 to peer 0x559a888a41e0 (12 bytes)
1767345790.752337 sending message 112 to peer 0x559a888a41e0 (8 bytes)
1767345790.752341 sending message 112 to peer 0x559a888a41e0 (8 bytes)
1767345790.752345 sending message 112 to peer 0x559a888a41e0 (7 bytes)
1767345790.752353 sending message 112 to peer 0x559a888a41e0 (7 bytes)
1767345790.752357 sending message 112 to peer 0x559a888a41e0 (9 bytes)
1767345790.752361 sending message 112 to peer 0x559a888a41e0 (13 bytes)
1767345790.752365 sending message 112 to peer 0x559a888a41e0 (6 bytes)
1767345790.752370 sending message 112 to peer 0x559a888a41e0 (9 bytes)
1767345790.752374 sending message 112 to peer 0x559a888a41e0 (15 bytes)
1767345790.752380 sending message 112 to peer 0x559a888a41e0 (13 bytes)
1767345790.752386 sending message 112 to peer 0x559a888a41e0 (12 bytes)
1767345790.752391 sending message 112 to peer 0x559a888a41e0 (8 bytes)
1767345790.752397 sending message 112 to peer 0x559a888a41e0 (14 bytes)
1767345790.752403 sending message 112 to peer 0x559a888a41e0 (11 bytes)
1767345790.752409 sending message 112 to peer 0x559a888a41e0 (9 bytes)
1767345790.752415 sending message 112 to peer 0x559a888a41e0 (10 bytes)
1767345790.752423 sending message 112 to peer 0x559a888a41e0 (10 bytes)
1767345790.752440 sending message 112 to peer 0x559a888a41e0 (10 bytes)
1767345790.752447 sending message 112 to peer 0x559a888a41e0 (10 bytes)
1767345790.752453 sending message 112 to peer 0x559a888a41e0 (11 bytes)
1767345790.752460 sending message 112 to peer 0x559a888a41e0 (12 bytes)
1767345790.752469 sending message 112 to peer 0x559a888a41e0 (12 bytes)
1767345790.752475 sending message 112 to peer 0x559a888a41e0 (12 bytes)
1767345790.752481 sending message 112 to peer 0x559a888a41e0 (12 bytes)
1767345790.752488 sending message 112 to peer 0x559a888a41e0 (12 bytes)
1767345790.752493 sending message 112 to peer 0x559a888a41e0 (11 bytes)
1767345790.752500 sending message 112 to peer 0x559a888a41e0 (11 bytes)
1767345790.752510 sending message 112 to peer 0x559a888a41e0 (12 bytes)
1767345790.752516 sending message 112 to peer 0x559a888a41e0 (12 bytes)
1767345790.752523 sending message 112 to peer 0x559a888a41e0 (12 bytes)
1767345790.752531 sending message 112 to peer 0x559a888a41e0 (12 bytes)
1767345790.752545 sending message 112 to peer 0x559a888a41e0 (12 bytes)
1767345790.752552 sending message 112 to peer 0x559a888a41e0 (10 bytes)
1767345790.752558 sending message 112 to peer 0x559a888a41e0 (12 bytes)
1767345790.752564 sending message 112 to peer 0x559a888a41e0 (13 bytes)
1767345790.752570 sending message 112 to peer 0x559a888a41e0 (13 bytes)
1767345790.752576 sending message 112 to peer 0x559a888a41e0 (13 bytes)
1767345790.752587 sending message 112 to peer 0x559a888a41e0 (13 bytes)
1767345790.752593 sending message 112 to peer 0x559a888a41e0 (13 bytes)
1767345790.752600 sending message 112 to peer 0x559a888a41e0 (8 bytes)
1767345790.752608 sending message 112 to peer 0x559a888a41e0 (11 bytes)
1767345790.752614 sending message 112 to peer 0x559a888a41e0 (11 bytes)
1767345790.752621 sending message 112 to peer 0x559a888a41e0 (11 bytes)
1767345790.752627 sending message 112 to peer 0x559a888a41e0 (12 bytes)
1767345790.752637 sending message 112 to peer 0x559a888a41e0 (12 bytes)
1767345790.752644 sending message 112 to peer 0x559a888a41e0 (12 bytes)
1767345790.752650 sending message 112 to peer 0x559a888a41e0 (12 bytes)
1767345790.752661 sending message 112 to peer 0x559a888a41e0 (13 bytes)
1767345790.752667 sending message 112 to peer 0x559a888a41e0 (13 bytes)
1767345790.752673 sending message 112 to peer 0x559a888a41e0 (13 bytes)
1767345790.752686 sending message 112 to peer 0x559a888a41e0 (8 bytes)
1767345790.752694 sending message 112 to peer 0x559a888a41e0 (13 bytes)
1767345790.752702 sending message 112 to peer 0x559a888a41e0 (13 bytes)
1767345790.752712 sending message 112 to peer 0x559a888a41e0 (13 bytes)
1767345790.752717 sending message 112 to peer 0x559a888a41e0 (13 bytes)
1767345790.752721 sending message 112 to peer 0x559a888a41e0 (13 bytes)
1767345790.752726 sending message 112 to peer 0x559a888a41e0 (12 bytes)
1767345790.752734 sending message 112 to peer 0x559a888a41e0 (12 bytes)
1767345790.752739 sending message 112 to peer 0x559a888a41e0 (12 bytes)
1767345790.752744 sending message 112 to peer 0x559a888a41e0 (12 bytes)
1767345790.752749 sending message 112 to peer 0x559a888a41e0 (13 bytes)
1767345790.752756 sending message 112 to peer 0x559a888a41e0 (8 bytes)
1767345790.752761 sending message 112 to peer 0x559a888a41e0 (13 bytes)
1767345790.752766 sending message 112 to peer 0x559a888a41e0 (13 bytes)
1767345790.752771 sending message 112 to peer 0x559a888a41e0 (13 bytes)
1767345790.752776 sending message 112 to peer 0x559a888a41e0 (13 bytes)
1767345790.752784 sending message 112 to peer 0x559a888a41e0 (13 bytes)
1767345790.752788 sending message 112 to peer 0x559a888a41e0 (13 bytes)
1767345790.752793 sending message 112 to peer 0x559a888a41e0 (13 bytes)
1767345790.752798 sending message 112 to peer 0x559a888a41e0 (12 bytes)
1767345790.752806 sending message 112 to peer 0x559a888a41e0 (12 bytes)
1767345790.752820 sending message 112 to peer 0x559a888a41e0 (12 bytes)
1767345790.752827 sending message 112 to peer 0x559a888a41e0 (8 bytes)
1767345790.752833 sending message 112 to peer 0x559a888a41e0 (12 bytes)
1767345790.752848 sending message 112 to peer 0x559a888a41e0 (13 bytes)
1767345790.752857 sending message 112 to peer 0x559a888a41e0 (13 bytes)
1767345790.752864 sending message 112 to peer 0x559a888a41e0 (13 bytes)
1767345790.752874 sending message 112 to peer 0x559a888a41e0 (13 bytes)
1767345790.752879 sending message 112 to peer 0x559a888a41e0 (13 bytes)
1767345790.752885 sending message 112 to peer 0x559a888a41e0 (13 bytes)
1767345790.752891 sending message 112 to peer 0x559a888a41e0 (13 bytes)
1767345790.752900 sending message 112 to peer 0x559a888a41e0 (13 bytes)
1767345790.752904 sending message 112 to peer 0x559a888a41e0 (12 bytes)
1767345790.752910 sending message 112 to peer 0x559a888a41e0 (10 bytes)
1767345790.752914 sending message 112 to peer 0x559a888a41e0 (12 bytes)
1767345790.752922 sending message 112 to peer 0x559a888a41e0 (12 bytes)
1767345790.752927 sending message 112 to peer 0x559a888a41e0 (12 bytes)
1767345790.752932 sending message 112 to peer 0x559a888a41e0 (13 bytes)
1767345790.752937 sending message 112 to peer 0x559a888a41e0 (13 bytes)
1767345790.752945 sending message 112 to peer 0x559a888a41e0 (13 bytes)
1767345790.752949 sending message 112 to peer 0x559a888a41e0 (13 bytes)
1767345790.752954 sending message 112 to peer 0x559a888a41e0 (13 bytes)
1767345790.752959 sending message 112 to peer 0x559a888a41e0 (13 bytes)
1767345790.752964 sending message 112 to peer 0x559a888a41e0 (13 bytes)
1767345790.752972 sending message 112 to peer 0x559a888a41e0 (10 bytes)
1767345790.752977 sending message 112 to peer 0x559a888a41e0 (13 bytes)
1767345790.752981 sending message 112 to peer 0x559a888a41e0 (12 bytes)
1767345790.752987 sending message 112 to peer 0x559a888a41e0 (12 bytes)
1767345790.752994 sending message 112 to peer 0x559a888a41e0 (12 bytes)
1767345790.752999 sending message 112 to peer 0x559a888a41e0 (10 bytes)
1767345790.753003 sending message 112 to peer 0x559a888a41e0 (10 bytes)
1767345790.753007 sending message 112 to peer 0x559a888a41e0 (10 bytes)
1767345790.753012 sending message 112 to peer 0x559a888a41e0 (12 bytes)
1767345790.753020 sending message 112 to peer 0x559a888a41e0 (13 bytes)
1767345790.753025 sending message 112 to peer 0x559a888a41e0 (13 bytes)
1767345790.753030 sending message 112 to peer 0x559a888a41e0 (13 bytes)
1767345790.753034 sending message 112 to peer 0x559a888a41e0 (13 bytes)
1767345790.753042 sending message 112 to peer 0x559a888a41e0 (13 bytes)
1767345790.753047 sending message 112 to peer 0x559a888a41e0 (11 bytes)
1767345790.753052 sending message 112 to peer 0x559a888a41e0 (11 bytes)
1767345790.753056 sending message 112 to peer 0x559a888a41e0 (12 bytes)
1767345790.753060 sending message 112 to peer 0x559a888a41e0 (12 bytes)
1767345790.753068 sending message 112 to peer 0x559a888a41e0 (12 bytes)
1767345790.753071 sending message 112 to peer 0x559a888a41e0 (12 bytes)
1767345790.753076 sending message 112 to peer 0x559a888a41e0 (12 bytes)
1767345790.753080 sending message 112 to peer 0x559a888a41e0 (11 bytes)
1767345790.753084 sending message 112 to peer 0x559a888a41e0 (12 bytes)
1767345790.753092 sending message 112 to peer 0x559a888a41e0 (12 bytes)
1767345790.753097 sending message 112 to peer 0x559a888a41e0 (13 bytes)
1767345790.753101 sending message 112 to peer 0x559a888a41e0 (13 bytes)
1767345790.753105 sending message 112 to peer 0x559a888a41e0 (13 bytes)
1767345790.753110 sending message 112 to peer 0x559a888a41e0 (13 bytes)
1767345790.753118 sending message 112 to peer 0x559a888a41e0 (13 bytes)
1767345790.753123 sending message 112 to peer 0x559a888a41e0 (10 bytes)
1767345790.753128 sending message 112 to peer 0x559a888a41e0 (9 bytes)
1767345790.753133 sending message 112 to peer 0x559a888a41e0 (12 bytes)
1767345790.753140 sending message 112 to peer 0x559a888a41e0 (13 bytes)
1767345790.753145 sending message 112 to peer 0x559a888a41e0 (13 bytes)
1767345790.753150 sending message 112 to peer 0x559a888a41e0 (13 bytes)
1767345790.753155 sending message 112 to peer 0x559a888a41e0 (13 bytes)
1767345790.753160 sending message 112 to peer 0x559a888a41e0 (13 bytes)
1767345790.753171 sending message 112 to peer 0x559a888a41e0 (9 bytes)
1767345790.753176 sending message 112 to peer 0x559a888a41e0 (12 bytes)
1767345790.753180 sending message 112 to peer 0x559a888a41e0 (13 bytes)
1767345790.753183 sending message 112 to peer 0x559a888a41e0 (13 bytes)
1767345790.753192 sending message 112 to peer 0x559a888a41e0 (13 bytes)
1767345790.753196 sending message 112 to peer 0x559a888a41e0 (13 bytes)
1767345790.753201 sending message 112 to peer 0x559a888a41e0 (13 bytes)
1767345790.753206 sending message 112 to peer 0x559a888a41e0 (11 bytes)
1767345790.753214 sending message 112 to peer 0x559a888a41e0 (12 bytes)
1767345790.753219 sending message 112 to peer 0x559a888a41e0 (13 bytes)
1767345790.753225 sending message 112 to peer 0x559a888a41e0 (13 bytes)
1767345790.753232 sending message 112 to peer 0x559a888a41e0 (13 bytes)
1767345790.753243 sending message 112 to peer 0x559a888a41e0 (13 bytes)
1767345790.753248 sending message 112 to peer 0x559a888a41e0 (13 bytes)
1767345790.753254 sending message 112 to peer 0x559a888a41e0 (11 bytes)
1767345790.753265 sending message 112 to peer 0x559a888a41e0 (12 bytes)
1767345790.753271 sending message 112 to peer 0x559a888a41e0 (12 bytes)
1767345790.753277 sending message 112 to peer 0x559a888a41e0 (12 bytes)
1767345790.753285 sending message 112 to peer 0x559a888a41e0 (12 bytes)
1767345790.753290 sending message 112 to peer 0x559a888a41e0 (12 bytes)
1767345790.753295 sending message 112 to peer 0x559a888a41e0 (21 bytes)
1767345790.753299 sending message 112 to peer 0x559a888a41e0 (12 bytes)
1767345790.753304 sending message 112 to peer 0x559a888a41e0 (9 bytes)
1767345790.753312 sending message 112 to peer 0x559a888a41e0 (6 bytes)
1767345790.753317 sending message 112 to peer 0x559a888a41e0 (13 bytes)
1767345790.753322 sending message 112 to peer 0x559a888a41e0 (8 bytes)
1767345790.753327 sending message 112 to peer 0x559a888a41e0 (15 bytes)
1767345790.753334 sending message 112 to peer 0x559a888a41e0 (13 bytes)
1767345790.753339 sending message 112 to peer 0x559a888a41e0 (9 bytes)
1767345790.753343 sending message 112 to peer 0x559a888a41e0 (70 bytes)
1767345790.753347 sending message 112 to peer 0x559a888a41e0 (69 bytes)
1767345790.753351 sending message 112 to peer 0x559a888a41e0 (10 bytes)
1767345790.753358 sending message 112 to peer 0x559a888a41e0 (10 bytes)
1767345790.753362 sending message 112 to peer 0x559a888a41e0 (8 bytes)
1767345790.753367 sending message 112 to peer 0x559a888a41e0 (15 bytes)
1767345790.753372 sending message 112 to peer 0x559a888a41e0 (13 bytes)
1767345790.753377 sending message 112 to peer 0x559a888a41e0 (10 bytes)
1767345790.753385 sending message 112 to peer 0x559a888a41e0 (10 bytes)
1767345790.753389 sending message 112 to peer 0x559a888a41e0 (17 bytes)
1767345790.753393 sending message 112 to peer 0x559a888a41e0 (10 bytes)
1767345790.753397 sending message 112 to peer 0x559a888a41e0 (13 bytes)
1767345790.753402 sending message 112 to peer 0x559a888a41e0 (9 bytes)
1767345790.753409 sending message 112 to peer 0x559a888a41e0 (5 bytes)
1767345790.753414 sending message 112 to peer 0x559a888a41e0 (15 bytes)
1767345790.753419 sending message 104 to peer 0x559a888a41e0 (0 bytes)
1767345790.753424 sending message 110 to peer 0x559a888a41e0 (0 bytes)
1767345790.753433 sending message 107 to peer 0x559a888a41e0 (4 bytes)
1767345790.753438 sending message 105 to peer 0x559a888a41e0 (38 bytes)
1767345790.753443 sending message 105 to peer 0x559a888a41e0 (55 bytes)
1767345790.753448 sending message 105 to peer 0x559a888a41e0 (29 bytes)
1767345790.753456 sending message 105 to peer 0x559a888a41e0 (23 bytes)
1767345790.753461 sending message 105 to peer 0x559a888a41e0 (20 bytes)
1767345790.753466 sending message 105 to peer 0x559a888a41e0 (20 bytes)
1767345790.753471 sending message 105 to peer 0x559a888a41e0 (54 bytes)
1767345790.753479 sending message 105 to peer 0x559a888a41e0 (50 bytes)
1767345790.753484 sending message 105 to peer 0x559a888a41e0 (19 bytes)
1767345790.753489 sending message 105 to peer 0x559a888a41e0 (33 bytes)
1767345790.753497 sending message 105 to peer 0x559a888a41e0 (11 bytes)
1767345790.753504 sending message 105 to peer 0x559a888a41e0 (12 bytes)
1767345790.753509 sending message 105 to peer 0x559a888a41e0 (1797 bytes)
1767345790.753523 sending message 105 to peer 0x559a888a41e0 (22 bytes)
1767345790.753532 sending message 105 to peer 0x559a888a41e0 (26 bytes)
1767345790.753537 sending message 105 to peer 0x559a888a41e0 (14 bytes)
1767345790.753542 sending message 105 to peer 0x559a888a41e0 (19 bytes)
1767345790.753547 sending message 105 to peer 0x559a888a41e0 (32 bytes)
1767345790.753555 sending message 105 to peer 0x559a888a41e0 (16 bytes)
1767345790.753560 sending message 105 to peer 0x559a888a41e0 (41 bytes)
1767345790.753564 sending message 105 to peer 0x559a888a41e0 (54 bytes)
1767345790.753570 sending message 105 to peer 0x559a888a41e0 (13 bytes)
1767345790.753577 sending message 105 to peer 0x559a888a41e0 (13 bytes)
1767345790.753583 sending message 105 to peer 0x559a888a41e0 (26 bytes)
1767345790.753587 sending message 105 to peer 0x559a888a41e0 (15 bytes)
1767345790.753592 sending message 105 to peer 0x559a888a41e0 (24 bytes)
1767345790.753600 sending message 105 to peer 0x559a888a41e0 (32 bytes)
1767345790.753605 sending message 105 to peer 0x559a888a41e0 (12 bytes)
1767345790.753610 sending message 105 to peer 0x559a888a41e0 (273 bytes)
1767345790.753615 sending message 105 to peer 0x559a888a41e0 (10 bytes)
1767345790.753623 sending message 105 to peer 0x559a888a41e0 (36 bytes)
1767345790.753627 sending message 105 to peer 0x559a888a41e0 (18 bytes)
1767345790.753632 sending message 105 to peer 0x559a888a41e0 (15 bytes)
1767345790.753636 sending message 105 to peer 0x559a888a41e0 (8 bytes)
1767345790.753641 sending message 105 to peer 0x559a888a41e0 (19 bytes)
1767345790.753648 sending message 105 to peer 0x559a888a41e0 (18 bytes)
1767345790.753653 sending message 105 to peer 0x559a888a41e0 (26 bytes)
1767345790.753657 sending message 105 to peer 0x559a888a41e0 (35 bytes)
1767345790.753662 sending message 105 to peer 0x559a888a41e0 (13 bytes)
1767345790.753667 sending message 105 to peer 0x559a888a41e0 (10 bytes)
1767345790.753675 sending message 105 to peer 0x559a888a41e0 (18 bytes)
1767345790.753680 sending message 105 to peer 0x559a888a41e0 (34 bytes)
1767345790.753685 sending message 105 to peer 0x559a888a41e0 (23 bytes)
1767345790.753690 sending message 105 to peer 0x559a888a41e0 (48 bytes)
1767345790.753698 sending message 105 to peer 0x559a888a41e0 (31 bytes)
1767345790.753703 sending message 105 to peer 0x559a888a41e0 (15 bytes)
1767345790.753708 sending message 105 to peer 0x559a888a41e0 (52 bytes)
1767345790.753713 sending message 105 to peer 0x559a888a41e0 (23 bytes)
1767345790.753721 sending message 105 to peer 0x559a888a41e0 (23 bytes)
1767345790.753726 sending message 105 to peer 0x559a888a41e0 (17 bytes)
1767345790.753730 sending message 105 to peer 0x559a888a41e0 (58 bytes)
1767345790.753735 sending message 105 to peer 0x559a888a41e0 (21 bytes)
1767345790.753740 sending message 105 to peer 0x559a888a41e0 (11 bytes)
1767345790.753748 sending message 105 to peer 0x559a888a41e0 (20 bytes)
1767345790.753753 sending message 105 to peer 0x559a888a41e0 (32 bytes)
1767345790.753758 sending message 105 to peer 0x559a888a41e0 (40 bytes)
1767345790.753762 sending message 105 to peer 0x559a888a41e0 (45 bytes)
1767345790.753770 sending message 105 to peer 0x559a888a41e0 (46 bytes)
1767345790.753773 sending message 105 to peer 0x559a888a41e0 (29 bytes)
1767345790.753778 sending message 105 to peer 0x559a888a41e0 (46 bytes)
1767345790.753783 sending message 105 to peer 0x559a888a41e0 (29 bytes)
1767345790.753788 sending message 105 to peer 0x559a888a41e0 (29 bytes)
1767345790.753796 sending message 105 to peer 0x559a888a41e0 (21 bytes)
1767345790.753801 sending message 105 to peer 0x559a888a41e0 (36 bytes)
1767345790.753806 sending message 105 to peer 0x559a888a41e0 (47 bytes)
1767345790.753820 sending message 105 to peer 0x559a888a41e0 (21 bytes)
1767345790.753829 sending message 105 to peer 0x559a888a41e0 (51 bytes)
1767345790.753837 sending message 105 to peer 0x559a888a41e0 (68 bytes)
1767345790.753843 sending message 105 to peer 0x559a888a41e0 (38 bytes)
1767345790.753851 sending message 105 to peer 0x559a888a41e0 (28 bytes)
1767345790.753856 sending message 105 to peer 0x559a888a41e0 (16 bytes)
1767345790.753861 sending message 105 to peer 0x559a888a41e0 (24 bytes)
1767345790.753865 sending message 105 to peer 0x559a888a41e0 (20 bytes)
1767345790.753873 sending message 105 to peer 0x559a888a41e0 (64 bytes)
1767345790.753878 sending message 105 to peer 0x559a888a41e0 (25 bytes)
1767345790.753882 sending message 105 to peer 0x559a888a41e0 (38 bytes)
1767345790.753887 sending message 105 to peer 0x559a888a41e0 (35 bytes)
1767345790.753891 sending message 105 to peer 0x559a888a41e0 (42 bytes)
1767345790.753899 sending message 105 to peer 0x559a888a41e0 (21 bytes)
1767345790.753904 sending message 105 to peer 0x559a888a41e0 (99 bytes)
1767345790.753909 sending message 105 to peer 0x559a888a41e0 (17 bytes)
1767345790.753914 sending message 105 to peer 0x559a888a41e0 (10 bytes)
1767345790.753922 sending message 105 to peer 0x559a888a41e0 (52 bytes)
1767345790.753926 sending message 106 to peer 0x559a888a41e0 (0 bytes)
1767345790.753975 cmd_pack_argv: argv[0]=source
1767345790.753997 cmd_pack_argv: argv[1]=/home/user/.tmux.conf
1767345790.754003 sending message 200 to peer 0x559a888a41e0 (33 bytes)
1767345790.754007 client loop enter
1767345790.754227 peer 0x559a888a41e0 message 300
1767345790.754242 open read file 5 /home/user/.tmux.conf
1767345790.754277 read 915 from file 5
1767345790.754283 sending message 301 to peer 0x559a888a41e0 (919 bytes)
1767345790.754291 read error file 5
1767345790.754296 sending message 302 to peer 0x559a888a41e0 (8 bytes)
1767345790.755607 peer 0x559a888a41e0 message 203
1767345790.755629 client loop exit
