1767345945.436377 client started (8823): version 3.6a, socket /tmp/tmux-1000/default, protocol 8
1767345945.436409 on Linux 6.18.2-arch2-1 #1 SMP PREEMPT_DYNAMIC Thu, 18 Dec 2025 18:00:18 +0000
1767345945.436415 using libevent 2.1.12-stable poll
1767345945.436420 using ncurses 6.5 20240427
1767345945.436435 flags are 0x10000
1767345945.436448 socket is /tmp/tmux-1000/default
1767345945.436461 trying connect
1767345945.436489 add peer 0x55adf68e31e0: 6 ((nil))
1767345945.436745 sending message 111 to peer 0x55adf68e31e0 (8 bytes)
1767345945.436759 sending message 111 to peer 0x55adf68e31e0 (8 bytes)
1767345945.436765 sending message 101 to peer 0x55adf68e31e0 (14 bytes)
1767345945.436769 sending message 109 to peer 0x55adf68e31e0 (4 bytes)
1767345945.436774 sending message 102 to peer 0x55adf68e31e0 (11 bytes)
1767345945.436779 sending message 108 to peer 0x55adf68e31e0 (32 bytes)
1767345945.436783 sending message 112 to peer 0x55adf68e31e0 (70 bytes)
1767345945.436788 sending message 112 to peer 0x55adf68e31e0 (5 bytes)
1767345945.436792 sending message 112 to peer 0x55adf68e31e0 (5 bytes)
1767345945.436796 sending message 112 to peer 0x55adf68e31e0 (6 bytes)
1767345945.436800 sending message 112 to peer 0x55adf68e31e0 (6 bytes)
1767345945.436805 sending message 112 to peer 0x55adf68e31e0 (11 bytes)
1767345945.436810 sending message 112 to peer 0x55adf68e31e0 (10 bytes)
1767345945.436830 sending message 112 to peer 0x55adf68e31e0 (13 bytes)
1767345945.436835 sending message 112 to peer 0x55adf68e31e0 (13 bytes)
1767345945.436839 sending message 112 to peer 0x55adf68e31e0 (18 bytes)
1767345945.436844 sending message 112 to peer 0x55adf68e31e0 (11 bytes)
1767345945.436849 sending message 112 to peer 0x55adf68e31e0 (10 bytes)
1767345945.436853 sending message 112 to peer 0x55adf68e31e0 (15 bytes)
1767345945.436858 sending message 112 to peer 0x55adf68e31e0 (21 bytes)
1767345945.436863 sending message 112 to peer 0x55adf68e31e0 (13 bytes)
1767345945.436867 sending message 112 to peer 0x55adf68e31e0 (7 bytes)
1767345945.436872 sending message 112 to peer 0x55adf68e31e0 (13 bytes)
1767345945.436877 sending message 112 to peer 0x55adf68e31e0 (7 bytes)
1767345945.436882 sending message 112 to peer 0x55adf68e31e0 (13 bytes)
1767345945.436887 sending message 112 to peer 0x55adf68e31e0 (9 bytes)
1767345945.436892 sending message 112 to peer 0x55adf68e31e0 (21 bytes)
1767345945.436897 sending message 112 to peer 0x55adf68e31e0 (13 bytes)
1767345945.436901 sending message 112 to peer 0x55adf68e31e0 (8 bytes)
1767345945.436906 sending message 112 to peer 0x55adf68e31e0 (12 bytes)
1767345945.436914 sending message 112 to peer 0x55adf68e31e0 (13 bytes)
1767345945.436919 sending message 112 to peer 0x55adf68e31e0 (9 bytes)
1767345945.436924 sending message 112 to peer 0x55adf68e31e0 (9 bytes)
1767345945.436929 sending message 112 to peer 0x55adf68e31e0 (12 bytes)
1767345945.436933 sending message 112 to peer 0x55adf68e31e0 (8 bytes)
1767345945.436938 sending message 112 to peer 0x55adf68e31e0 (8 bytes)
1767345945.436943 sending message 112 to peer 0x55adf68e31e0 (7 bytes)
1767345945.436948 sending message 112 to peer 0x55adf68e31e0 (7 bytes)
1767345945.436952 sending message 112 to peer 0x55adf68e31e0 (9 bytes)
1767345945.436957 sending message 112 to peer 0x55adf68e31e0 (13 bytes)
1767345945.436962 sending message 112 to peer 0x55adf68e31e0 (6 bytes)
1767345945.436967 sending message 112 to peer 0x55adf68e31e0 (9 bytes)
1767345945.436975 sending message 112 to peer 0x55adf68e31e0 (15 bytes)
1767345945.436980 sending message 112 to peer 0x55adf68e31e0 (13 bytes)
1767345945.436985 sending message 112 to peer 0x55adf68e31e0 (12 bytes)
1767345945.436990 sending message 112 to peer 0x55adf68e31e0 (8 bytes)
1767345945.436994 sending message 112 to peer 0x55adf68e31e0 (14 bytes)
1767345945.436999 sending message 112 to peer 0x55adf68e31e0 (11 bytes)
1767345945.437004 sending message 112 to peer 0x55adf68e31e0 (9 bytes)
1767345945.437009 sending message 112 to peer 0x55adf68e31e0 (10 bytes)
1767345945.437014 sending message 112 to peer 0x55adf68e31e0 (10 bytes)
1767345945.437025 sending message 112 to peer 0x55adf68e31e0 (10 bytes)
1767345945.437033 sending message 112 to peer 0x55adf68e31e0 (10 bytes)
1767345945.437039 sending message 112 to peer 0x55adf68e31e0 (11 bytes)
1767345945.437043 sending message 112 to peer 0x55adf68e31e0 (12 bytes)
1767345945.437048 sending message 112 to peer 0x55adf68e31e0 (12 bytes)
1767345945.437053 sending message 112 to peer 0x55adf68e31e0 (12 bytes)
1767345945.437058 sending message 112 to peer 0x55adf68e31e0 (12 bytes)
1767345945.437062 sending message 112 to peer 0x55adf68e31e0 (12 bytes)
1767345945.437067 sending message 112 to peer 0x55adf68e31e0 (11 bytes)
1767345945.437072 sending message 112 to peer 0x55adf68e31e0 (11 bytes)
1767345945.437077 sending message 112 to peer 0x55adf68e31e0 (12 bytes)
1767345945.437082 sending message 112 to peer 0x55adf68e31e0 (12 bytes)
1767345945.437090 sending message 112 to peer 0x55adf68e31e0 (12 bytes)
1767345945.437095 sending message 112 to peer 0x55adf68e31e0 (12 bytes)
1767345945.437100 sending message 112 to peer 0x55adf68e31e0 (12 bytes)
1767345945.437104 sending message 112 to peer 0x55adf68e31e0 (10 bytes)
1767345945.437110 sending message 112 to peer 0x55adf68e31e0 (12 bytes)
1767345945.437114 sending message 112 to peer 0x55adf68e31e0 (13 bytes)
1767345945.437119 sending message 112 to peer 0x55adf68e31e0 (13 bytes)
1767345945.437124 sending message 112 to peer 0x55adf68e31e0 (13 bytes)
1767345945.437129 sending message 112 to peer 0x55adf68e31e0 (13 bytes)
1767345945.437133 sending message 112 to peer 0x55adf68e31e0 (13 bytes)
1767345945.437139 sending message 112 to peer 0x55adf68e31e0 (8 bytes)
1767345945.437146 sending message 112 to peer 0x55adf68e31e0 (11 bytes)
1767345945.437152 sending message 112 to peer 0x55adf68e31e0 (11 bytes)
1767345945.437156 sending message 112 to peer 0x55adf68e31e0 (11 bytes)
1767345945.437161 sending message 112 to peer 0x55adf68e31e0 (12 bytes)
1767345945.437166 sending message 112 to peer 0x55adf68e31e0 (12 bytes)
1767345945.437171 sending message 112 to peer 0x55adf68e31e0 (12 bytes)
1767345945.437176 sending message 112 to peer 0x55adf68e31e0 (12 bytes)
1767345945.437181 sending message 112 to peer 0x55adf68e31e0 (13 bytes)
1767345945.437186 sending message 112 to peer 0x55adf68e31e0 (13 bytes)
1767345945.437191 sending message 112 to peer 0x55adf68e31e0 (13 bytes)
1767345945.437198 sending message 112 to peer 0x55adf68e31e0 (8 bytes)
1767345945.437204 sending message 112 to peer 0x55adf68e31e0 (13 bytes)
1767345945.437208 sending message 112 to peer 0x55adf68e31e0 (13 bytes)
1767345945.437213 sending message 112 to peer 0x55adf68e31e0 (13 bytes)
1767345945.437218 sending message 112 to peer 0x55adf68e31e0 (13 bytes)
1767345945.437223 sending message 112 to peer 0x55adf68e31e0 (13 bytes)
1767345945.437228 sending message 112 to peer 0x55adf68e31e0 (12 bytes)
1767345945.437233 sending message 112 to peer 0x55adf68e31e0 (12 bytes)
1767345945.437237 sending message 112 to peer 0x55adf68e31e0 (12 bytes)
1767345945.437243 sending message 112 to peer 0x55adf68e31e0 (12 bytes)
1767345945.437247 sending message 112 to peer 0x55adf68e31e0 (13 bytes)
1767345945.437256 sending message 112 to peer 0x55adf68e31e0 (8 bytes)
1767345945.437260 sending message 112 to peer 0x55adf68e31e0 (13 bytes)
1767345945.437265 sending message 112 to peer 0x55adf68e31e0 (13 bytes)
1767345945.437270 sending message 112 to peer 0x55adf68e31e0 (13 bytes)
1767345945.437275 sending message 112 to peer 0x55adf68e31e0 (13 bytes)
1767345945.437280 sending message 112 to peer 0x55adf68e31e0 (13 bytes)
1767345945.437285 sending message 112 to peer 0x55adf68e31e0 (13 bytes)
1767345945.437290 sending message 112 to peer 0x55adf68e31e0 (13 bytes)
1767345945.437295 sending message 112 to peer 0x55adf68e31e0 (12 bytes)
1767345945.437300 sending message 112 to peer 0x55adf68e31e0 (12 bytes)
1767345945.437304 sending message 112 to peer 0x55adf68e31e0 (12 bytes)
1767345945.437312 sending message 112 to peer 0x55adf68e31e0 (8 bytes)
1767345945.437317 sending message 112 to peer 0x55adf68e31e0 (12 bytes)
1767345945.437326 sending message 112 to peer 0x55adf68e31e0 (13 bytes)
1767345945.437331 sending message 112 to peer 0x55adf68e31e0 (13 bytes)
1767345945.437335 sending message 112 to peer 0x55adf68e31e0 (13 bytes)
1767345945.437340 sending message 112 to peer 0x55adf68e31e0 (13 bytes)
1767345945.437345 sending message 112 to peer 0x55adf68e31e0 (13 bytes)
1767345945.437350 sending message 112 to peer 0x55adf68e31e0 (13 bytes)
1767345945.437354 sending message 112 to peer 0x55adf68e31e0 (13 bytes)
1767345945.437359 sending message 112 to peer 0x55adf68e31e0 (13 bytes)
1767345945.437367 sending message 112 to peer 0x55adf68e31e0 (12 bytes)
1767345945.437375 sending message 112 to peer 0x55adf68e31e0 (10 bytes)
1767345945.437380 sending message 112 to peer 0x55adf68e31e0 (12 bytes)
1767345945.437385 sending message 112 to peer 0x55adf68e31e0 (12 bytes)
1767345945.437389 sending message 112 to peer 0x55adf68e31e0 (12 bytes)
1767345945.437394 sending message 112 to peer 0x55adf68e31e0 (13 bytes)
1767345945.437399 sending message 112 to peer 0x55adf68e31e0 (13 bytes)
1767345945.437403 sending message 112 to peer 0x55adf68e31e0 (13 bytes)
1767345945.437408 sending message 112 to peer 0x55adf68e31e0 (13 bytes)
1767345945.437413 sending message 112 to peer 0x55adf68e31e0 (13 bytes)
1767345945.437417 sending message 112 to peer 0x55adf68e31e0 (13 bytes)
1767345945.437422 sending message 112 to peer 0x55adf68e31e0 (13 bytes)
1767345945.437427 sending message 112 to peer 0x55adf68e31e0 (10 bytes)
1767345945.437431 sending message 112 to peer 0x55adf68e31e0 (13 bytes)
1767345945.437436 sending message 112 to peer 0x55adf68e31e0 (12 bytes)
1767345945.437440 sending message 112 to peer 0x55adf68e31e0 (12 bytes)
1767345945.437448 sending message 112 to peer 0x55adf68e31e0 (12 bytes)
1767345945.437453 sending message 112 to peer 0x55adf68e31e0 (10 bytes)
1767345945.437458 sending message 112 to peer 0x55adf68e31e0 (10 bytes)
1767345945.437463 sending message 112 to peer 0x55adf68e31e0 (10 bytes)
1767345945.437468 sending message 112 to peer 0x55adf68e31e0 (12 bytes)
1767345945.437472 sending message 112 to peer 0x55adf68e31e0 (13 bytes)
1767345945.437478 sending message 112 to peer 0x55adf68e31e0 (13 bytes)
1767345945.437483 sending message 112 to peer 0x55adf68e31e0 (13 bytes)
1767345945.437487 sending message 112 to peer 0x55adf68e31e0 (13 bytes)
1767345945.437492 sending message 112 to peer 0x55adf68e31e0 (13 bytes)
1767345945.437497 sending message 112 to peer 0x55adf68e31e0 (11 bytes)
1767345945.437502 sending message 112 to peer 0x55adf68e31e0 (11 bytes)
1767345945.437510 sending message 112 to peer 0x55adf68e31e0 (12 bytes)
1767345945.437515 sending message 112 to peer 0x55adf68e31e0 (12 bytes)
1767345945.437520 sending message 112 to peer 0x55adf68e31e0 (12 bytes)
1767345945.437524 sending message 112 to peer 0x55adf68e31e0 (12 bytes)
1767345945.437529 sending message 112 to peer 0x55adf68e31e0 (12 bytes)
1767345945.437534 sending message 112 to peer 0x55adf68e31e0 (11 bytes)
1767345945.437539 sending message 112 to peer 0x55adf68e31e0 (12 bytes)
1767345945.437543 sending message 112 to peer 0x55adf68e31e0 (12 bytes)
1767345945.437548 sending message 112 to peer 0x55adf68e31e0 (13 bytes)
1767345945.437553 sending message 112 to peer 0x55adf68e31e0 (13 bytes)
1767345945.437559 sending message 112 to peer 0x55adf68e31e0 (13 bytes)
1767345945.437567 sending message 112 to peer 0x55adf68e31e0 (13 bytes)
1767345945.437572 sending message 112 to peer 0x55adf68e31e0 (13 bytes)
1767345945.437577 sending message 112 to peer 0x55adf68e31e0 (10 bytes)
1767345945.437582 sending message 112 to peer 0x55adf68e31e0 (9 bytes)
1767345945.437587 sending message 112 to peer 0x55adf68e31e0 (12 bytes)
1767345945.437591 sending message 112 to peer 0x55adf68e31e0 (13 bytes)
1767345945.437596 sending message 112 to peer 0x55adf68e31e0 (13 bytes)
1767345945.437601 sending message 112 to peer 0x55adf68e31e0 (13 bytes)
1767345945.437606 sending message 112 to peer 0x55adf68e31e0 (13 bytes)
1767345945.437610 sending message 112 to peer 0x55adf68e31e0 (13 bytes)
1767345945.437619 sending message 112 to peer 0x55adf68e31e0 (9 bytes)
1767345945.437627 sending message 112 to peer 0x55adf68e31e0 (12 bytes)
1767345945.437631 sending message 112 to peer 0x55adf68e31e0 (13 bytes)
1767345945.437637 sending message 112 to peer 0x55adf68e31e0 (13 bytes)
1767345945.437641 sending message 112 to peer 0x55adf68e31e0 (13 bytes)
1767345945.437646 sending message 112 to peer 0x55adf68e31e0 (13 bytes)
1767345945.437651 sending message 112 to peer 0x55adf68e31e0 (13 bytes)
1767345945.437656 sending message 112 to peer 0x55adf68e31e0 (11 bytes)
1767345945.437661 sending message 112 to peer 0x55adf68e31e0 (12 bytes)
1767345945.437665 sending message 112 to peer 0x55adf68e31e0 (13 bytes)
1767345945.437670 sending message 112 to peer 0x55adf68e31e0 (13 bytes)
1767345945.437678 sending message 112 to peer 0x55adf68e31e0 (13 bytes)
1767345945.437683 sending message 112 to peer 0x55adf68e31e0 (13 bytes)
1767345945.437688 sending message 112 to peer 0x55adf68e31e0 (13 bytes)
1767345945.437693 sending message 112 to peer 0x55adf68e31e0 (11 bytes)
1767345945.437697 sending message 112 to peer 0x55adf68e31e0 (12 bytes)
1767345945.437702 sending message 112 to peer 0x55adf68e31e0 (12 bytes)
1767345945.437707 sending message 112 to peer 0x55adf68e31e0 (12 bytes)
1767345945.437711 sending message 112 to peer 0x55adf68e31e0 (12 bytes)
1767345945.437716 sending message 112 to peer 0x55adf68e31e0 (12 bytes)
1767345945.437721 sending message 112 to peer 0x55adf68e31e0 (21 bytes)
1767345945.437729 sending message 112 to peer 0x55adf68e31e0 (12 bytes)
1767345945.437733 sending message 112 to peer 0x55adf68e31e0 (9 bytes)
1767345945.437738 sending message 112 to peer 0x55adf68e31e0 (6 bytes)
1767345945.437743 sending message 112 to peer 0x55adf68e31e0 (13 bytes)
1767345945.437751 sending message 112 to peer 0x55adf68e31e0 (8 bytes)
1767345945.437756 sending message 112 to peer 0x55adf68e31e0 (15 bytes)
1767345945.437761 sending message 112 to peer 0x55adf68e31e0 (13 bytes)
1767345945.437765 sending message 112 to peer 0x55adf68e31e0 (9 bytes)
1767345945.437770 sending message 112 to peer 0x55adf68e31e0 (70 bytes)
1767345945.437778 sending message 112 to peer 0x55adf68e31e0 (69 bytes)
1767345945.437784 sending message 112 to peer 0x55adf68e31e0 (10 bytes)
1767345945.437788 sending message 112 to peer 0x55adf68e31e0 (10 bytes)
1767345945.437793 sending message 112 to peer 0x55adf68e31e0 (8 bytes)
1767345945.437801 sending message 112 to peer 0x55adf68e31e0 (15 bytes)
1767345945.437806 sending message 112 to peer 0x55adf68e31e0 (13 bytes)
1767345945.437810 sending message 112 to peer 0x55adf68e31e0 (10 bytes)
1767345945.437826 sending message 112 to peer 0x55adf68e31e0 (10 bytes)
1767345945.437834 sending message 112 to peer 0x55adf68e31e0 (17 bytes)
1767345945.437839 sending message 112 to peer 0x55adf68e31e0 (10 bytes)
1767345945.437843 sending message 112 to peer 0x55adf68e31e0 (13 bytes)
1767345945.437848 sending message 112 to peer 0x55adf68e31e0 (9 bytes)
1767345945.437852 sending message 112 to peer 0x55adf68e31e0 (5 bytes)
1767345945.437861 sending message 112 to peer 0x55adf68e31e0 (15 bytes)
1767345945.437865 sending message 104 to peer 0x55adf68e31e0 (0 bytes)
1767345945.437871 sending message 110 to peer 0x55adf68e31e0 (0 bytes)
1767345945.437876 sending message 107 to peer 0x55adf68e31e0 (4 bytes)
1767345945.437884 sending message 105 to peer 0x55adf68e31e0 (38 bytes)
1767345945.437889 sending message 105 to peer 0x55adf68e31e0 (55 bytes)
1767345945.437894 sending message 105 to peer 0x55adf68e31e0 (29 bytes)
1767345945.437899 sending message 105 to peer 0x55adf68e31e0 (23 bytes)
1767345945.437907 sending message 105 to peer 0x55adf68e31e0 (20 bytes)
1767345945.437912 sending message 105 to peer 0x55adf68e31e0 (20 bytes)
1767345945.437917 sending message 105 to peer 0x55adf68e31e0 (54 bytes)
1767345945.437922 sending message 105 to peer 0x55adf68e31e0 (50 bytes)
1767345945.437927 sending message 105 to peer 0x55adf68e31e0 (19 bytes)
1767345945.437935 sending message 105 to peer 0x55adf68e31e0 (33 bytes)
1767345945.437943 sending message 105 to peer 0x55adf68e31e0 (11 bytes)
1767345945.437948 sending message 105 to peer 0x55adf68e31e0 (12 bytes)
1767345945.437956 sending message 105 to peer 0x55adf68e31e0 (1797 bytes)
1767345945.437971 sending message 105 to peer 0x55adf68e31e0 (22 bytes)
1767345945.437980 sending message 105 to peer 0x55adf68e31e0 (26 bytes)
1767345945.437985 sending message 105 to peer 0x55adf68e31e0 (14 bytes)
1767345945.437989 sending message 105 to peer 0x55adf68e31e0 (19 bytes)
1767345945.437994 sending message 105 to peer 0x55adf68e31e0 (32 bytes)
1767345945.438001 sending message 105 to peer 0x55adf68e31e0 (16 bytes)
1767345945.438006 sending message 105 to peer 0x55adf68e31e0 (41 bytes)
1767345945.438010 sending message 105 to peer 0x55adf68e31e0 (54 bytes)
1767345945.438015 sending message 105 to peer 0x55adf68e31e0 (13 bytes)
1767345945.438019 sending message 105 to peer 0x55adf68e31e0 (13 bytes)
1767345945.438025 sending message 105 to peer 0x55adf68e31e0 (26 bytes)
1767345945.438029 sending message 105 to peer 0x55adf68e31e0 (15 bytes)
1767345945.438034 sending message 105 to peer 0x55adf68e31e0 (24 bytes)
1767345945.438042 sending message 105 to peer 0x55adf68e31e0 (32 bytes)
1767345945.438047 sending message 105 to peer 0x55adf68e31e0 (12 bytes)
1767345945.438052 sending message 105 to peer 0x55adf68e31e0 (273 bytes)
1767345945.438057 sending message 105 to peer 0x55adf68e31e0 (10 bytes)
1767345945.438062 sending message 105 to peer 0x55adf68e31e0 (36 bytes)
1767345945.438070 sending message 105 to peer 0x55adf68e31e0 (18 bytes)
1767345945.438075 sending message 105 to peer 0x55adf68e31e0 (15 bytes)
1767345945.438079 sending message 105 to peer 0x55adf68e31e0 (8 bytes)
1767345945.438084 sending message 105 to peer 0x55adf68e31e0 (19 bytes)
1767345945.438089 sending message 105 to peer 0x55adf68e31e0 (18 bytes)
1767345945.438097 sending message 105 to peer 0x55adf68e31e0 (26 bytes)
1767345945.438101 sending message 105 to peer 0x55adf68e31e0 (35 bytes)
1767345945.438106 sending message 105 to peer 0x55adf68e31e0 (13 bytes)
1767345945.438111 sending message 105 to peer 0x55adf68e31e0 (10 bytes)
1767345945.438119 sending message 105 to peer 0x55adf68e31e0 (18 bytes)
1767345945.438124 sending message 105 to peer 0x55adf68e31e0 (34 bytes)
1767345945.438128 sending message 105 to peer 0x55adf68e31e0 (23 bytes)
1767345945.438133 sending message 105 to peer 0x55adf68e31e0 (48 bytes)
1767345945.438137 sending message 105 to peer 0x55adf68e31e0 (31 bytes)
1767345945.438142 sending message 105 to peer 0x55adf68e31e0 (15 bytes)
1767345945.438150 sending message 105 to peer 0x55adf68e31e0 (52 bytes)
1767345945.438155 sending message 105 to peer 0x55adf68e31e0 (23 bytes)
1767345945.438160 sending message 105 to peer 0x55adf68e31e0 (23 bytes)
1767345945.438166 sending message 105 to peer 0x55adf68e31e0 (17 bytes)
1767345945.438170 sending message 105 to peer 0x55adf68e31e0 (58 bytes)
1767345945.438175 sending message 105 to peer 0x55adf68e31e0 (21 bytes)
1767345945.438180 sending message 105 to peer 0x55adf68e31e0 (11 bytes)
1767345945.438188 sending message 105 to peer 0x55adf68e31e0 (20 bytes)
1767345945.438194 sending message 105 to peer 0x55adf68e31e0 (32 bytes)
1767345945.438199 sending message 105 to peer 0x55adf68e31e0 (40 bytes)
1767345945.438204 sending message 105 to peer 0x55adf68e31e0 (45 bytes)
1767345945.438208 sending message 105 to peer 0x55adf68e31e0 (46 bytes)
1767345945.438213 sending message 105 to peer 0x55adf68e31e0 (29 bytes)
1767345945.438218 sending message 105 to peer 0x55adf68e31e0 (46 bytes)
1767345945.438226 sending message 105 to peer 0x55adf68e31e0 (29 bytes)
1767345945.438231 sending message 105 to peer 0x55adf68e31e0 (29 bytes)
1767345945.438236 sending message 105 to peer 0x55adf68e31e0 (21 bytes)
1767345945.438240 sending message 105 to peer 0x55adf68e31e0 (36 bytes)
1767345945.438245 sending message 105 to peer 0x55adf68e31e0 (47 bytes)
1767345945.438250 sending message 105 to peer 0x55adf68e31e0 (21 bytes)
1767345945.438255 sending message 105 to peer 0x55adf68e31e0 (51 bytes)
1767345945.438266 sending message 105 to peer 0x55adf68e31e0 (68 bytes)
1767345945.438271 sending message 105 to peer 0x55adf68e31e0 (38 bytes)
1767345945.438276 sending message 105 to peer 0x55adf68e31e0 (28 bytes)
1767345945.438283 sending message 105 to peer 0x55adf68e31e0 (16 bytes)
1767345945.438288 sending message 105 to peer 0x55adf68e31e0 (24 bytes)
1767345945.438292 sending message 105 to peer 0x55adf68e31e0 (20 bytes)
1767345945.438297 sending message 105 to peer 0x55adf68e31e0 (64 bytes)
1767345945.438301 sending message 105 to peer 0x55adf68e31e0 (25 bytes)
1767345945.438309 sending message 105 to peer 0x55adf68e31e0 (38 bytes)
1767345945.438314 sending message 105 to peer 0x55adf68e31e0 (35 bytes)
1767345945.438318 sending message 105 to peer 0x55adf68e31e0 (42 bytes)
1767345945.438323 sending message 105 to peer 0x55adf68e31e0 (21 bytes)
1767345945.438331 sending message 105 to peer 0x55adf68e31e0 (99 bytes)
1767345945.438336 sending message 105 to peer 0x55adf68e31e0 (17 bytes)
1767345945.438342 sending message 105 to peer 0x55adf68e31e0 (10 bytes)
1767345945.438346 sending message 105 to peer 0x55adf68e31e0 (52 bytes)
1767345945.438351 sending message 106 to peer 0x55adf68e31e0 (0 bytes)
1767345945.438401 cmd_pack_argv: argv[0]=source
1767345945.438410 cmd_pack_argv: argv[1]=/home/user/.tmux.conf
1767345945.438416 sending message 200 to peer 0x55adf68e31e0 (33 bytes)
1767345945.438420 client loop enter
1767345945.438888 peer 0x55adf68e31e0 message 300
1767345945.438899 open read file 6 /home/user/.tmux.conf
1767345945.438951 read 915 from file 6
1767345945.438958 sending message 301 to peer 0x55adf68e31e0 (919 bytes)
1767345945.438970 read error file 6
1767345945.438976 sending message 302 to peer 0x55adf68e31e0 (8 bytes)
1767345945.440960 peer 0x55adf68e31e0 message 203
1767345945.440979 client loop exit
